comment_n2ycvjc
comment_n39hfth
comment_n39kxh9
comment_n3hooio
comment_n3hou1b
post_1m0vpzd
post_1m43nhj
post_1m4qhmx
post_1k581ak
post_1llw98q
post_1lnai25
post_1lvxfea
post_1lwu62a
post_1lywa7d
post_1lz21ao
post_1lzdq9r
post_1m0ihm7
post_1m17skf
post_1m1kojh
post_1m2kisz
post_1m38qyf
post_1m40mht
post_1m42eli
post_1m4vmma
post_1khvrop
post_1lvz8cz
post_1lw4ol1
post_1lzz6jk
post_1m0jc9r
post_1m39mii
post_1m47ygy
post_1m4kylp
comment_n5408eb
comment_n540a85
comment_n59rly9
comment_n5g3k5a
comment_n5no8b8
post_1m774d2
post_1m93dlp
post_1m9q6i4
post_1m9t8n0
post_1m9un1c
post_1maozya
post_1maw0sv
post_1maxi94
post_1mb6r1g
post_1mb6wu6
post_1mbaitw
post_1mbge1b
post_1mboegu
post_1mbrfxr
post_1mbz340
post_1mc4sxo
comment_n5vypsg
comment_n5w5qin
comment_n67xv3p
comment_n6cbako
comment_n6onxp7
post_1mcgzig
post_1mekonl
post_1meuw33
post_1mgez1p
post_1mgi2ch
post_1mgspcd
